<?xml version="1.0" encoding="UTF-8"?>
<testng-results ignored="0" total="1" passed="1" failed="0" skipped="0">
  <reporter-output>
  </reporter-output>
  <suite started-at="2024-08-28T13:56:35 IST" name="Default suite" finished-at="2024-08-28T13:56:45 IST" duration-ms="10050">
    <groups>
    </groups>
    <test started-at="2024-08-28T13:56:35 IST" name="Default test" finished-at="2024-08-28T13:56:45 IST" duration-ms="10050">
      <class name="testNG.IntegrationTest">
        <test-method is-config="true" signature="openBrowser()[pri:0, instance:testNG.IntegrationTest@43df23d3]" started-at="2024-08-28T13:56:35 IST" name="openBrowser" finished-at="2024-08-28T13:56:45 IST" duration-ms="9636" status="PASS">
          <reporter-output>
          </reporter-output>
        </test-method> <!-- openBrowser -->
        <test-method signature="testFrontendDisplaysBackendData()[pri:0, instance:testNG.IntegrationTest@43df23d3]" started-at="2024-08-28T13:56:45 IST" name="testFrontendDisplaysBackendData" finished-at="2024-08-28T13:56:45 IST" duration-ms="67" status="PASS">
          <reporter-output>
          </reporter-output>
        </test-method> <!-- testFrontendDisplaysBackendData -->
        <test-method is-config="true" signature="closeBrowser()[pri:0, instance:testNG.IntegrationTest@43df23d3]" started-at="2024-08-28T13:56:45 IST" name="closeBrowser" finished-at="2024-08-28T13:56:45 IST" duration-ms="276" status="PASS">
          <reporter-output>
          </reporter-output>
        </test-method> <!-- closeBrowser -->
      </class> <!-- testNG.IntegrationTest -->
    </test> <!-- Default test -->
  </suite> <!-- Default suite -->
</testng-results>
